{"/Users/aidenybai/Projects/aidenybai/react-safe-fiber/src/core.ts": {"path":"/Users/aidenybai/Projects/aidenybai/react-safe-fiber/src/core.ts","statementMap":{"0":{"start":{"line":124,"column":23},"end":{"line":124,"column":null}},"1":{"start":{"line":125,"column":44},"end":{"line":125,"column":null}},"2":{"start":{"line":126,"column":26},"end":{"line":126,"column":null}},"3":{"start":{"line":127,"column":29},"end":{"line":127,"column":null}},"4":{"start":{"line":128,"column":27},"end":{"line":128,"column":null}},"5":{"start":{"line":129,"column":29},"end":{"line":129,"column":null}},"6":{"start":{"line":130,"column":30},"end":{"line":130,"column":null}},"7":{"start":{"line":131,"column":22},"end":{"line":131,"column":null}},"8":{"start":{"line":132,"column":25},"end":{"line":132,"column":null}},"9":{"start":{"line":133,"column":31},"end":{"line":133,"column":null}},"10":{"start":{"line":134,"column":25},"end":{"line":134,"column":null}},"11":{"start":{"line":135,"column":25},"end":{"line":135,"column":null}},"12":{"start":{"line":136,"column":25},"end":{"line":136,"column":null}},"13":{"start":{"line":137,"column":36},"end":{"line":137,"column":null}},"14":{"start":{"line":138,"column":17},"end":{"line":138,"column":null}},"15":{"start":{"line":139,"column":17},"end":{"line":139,"column":null}},"16":{"start":{"line":140,"column":30},"end":{"line":140,"column":null}},"17":{"start":{"line":141,"column":27},"end":{"line":141,"column":null}},"18":{"start":{"line":142,"column":17},"end":{"line":142,"column":null}},"19":{"start":{"line":143,"column":31},"end":{"line":143,"column":null}},"20":{"start":{"line":144,"column":35},"end":{"line":144,"column":null}},"21":{"start":{"line":146,"column":1},"end":{"line":146,"column":null}},"22":{"start":{"line":147,"column":38},"end":{"line":147,"column":null}},"23":{"start":{"line":148,"column":44},"end":{"line":148,"column":null}},"24":{"start":{"line":151,"column":22},"end":{"line":151,"column":null}},"25":{"start":{"line":152,"column":18},"end":{"line":152,"column":null}},"26":{"start":{"line":153,"column":18},"end":{"line":153,"column":null}},"27":{"start":{"line":154,"column":15},"end":{"line":154,"column":null}},"28":{"start":{"line":155,"column":15},"end":{"line":155,"column":null}},"29":{"start":{"line":156,"column":22},"end":{"line":156,"column":null}},"30":{"start":{"line":157,"column":21},"end":{"line":157,"column":null}},"31":{"start":{"line":158,"column":17},"end":{"line":158,"column":null}},"32":{"start":{"line":159,"column":19},"end":{"line":159,"column":null}},"33":{"start":{"line":161,"column":1},"end":{"line":167,"column":null}},"34":{"start":{"line":174,"column":30},"end":{"line":184,"column":null}},"35":{"start":{"line":177,"column":1},"end":{"line":184,"column":null}},"36":{"start":{"line":189,"column":28},"end":{"line":197,"column":null}},"37":{"start":{"line":190,"column":1},"end":{"line":197,"column":null}},"38":{"start":{"line":204,"column":27},"end":{"line":210,"column":null}},"39":{"start":{"line":205,"column":1},"end":{"line":210,"column":null}},"40":{"start":{"line":217,"column":32},"end":{"line":222,"column":null}},"41":{"start":{"line":218,"column":1},"end":{"line":222,"column":null}},"42":{"start":{"line":227,"column":32},"end":{"line":267,"column":null}},"43":{"start":{"line":235,"column":1},"end":{"line":266,"column":null}},"44":{"start":{"line":236,"column":27},"end":{"line":236,"column":null}},"45":{"start":{"line":237,"column":27},"end":{"line":237,"column":null}},"46":{"start":{"line":239,"column":2},"end":{"line":239,"column":null}},"47":{"start":{"line":239,"column":46},"end":{"line":239,"column":null}},"48":{"start":{"line":240,"column":2},"end":{"line":247,"column":null}},"49":{"start":{"line":246,"column":3},"end":{"line":246,"column":null}},"50":{"start":{"line":249,"column":3},"end":{"line":249,"column":null}},"51":{"start":{"line":251,"column":3},"end":{"line":251,"column":null}},"52":{"start":{"line":252,"column":2},"end":{"line":264,"column":null}},"53":{"start":{"line":260,"column":3},"end":{"line":260,"column":null}},"54":{"start":{"line":260,"column":52},"end":{"line":260,"column":null}},"55":{"start":{"line":262,"column":3},"end":{"line":262,"column":null}},"56":{"start":{"line":263,"column":3},"end":{"line":263,"column":null}},"57":{"start":{"line":265,"column":2},"end":{"line":265,"column":null}},"58":{"start":{"line":278,"column":29},"end":{"line":298,"column":null}},"59":{"start":{"line":286,"column":1},"end":{"line":297,"column":null}},"60":{"start":{"line":287,"column":18},"end":{"line":287,"column":null}},"61":{"start":{"line":288,"column":18},"end":{"line":288,"column":null}},"62":{"start":{"line":290,"column":2},"end":{"line":295,"column":null}},"63":{"start":{"line":291,"column":3},"end":{"line":291,"column":null}},"64":{"start":{"line":291,"column":48},"end":{"line":291,"column":null}},"65":{"start":{"line":293,"column":3},"end":{"line":293,"column":null}},"66":{"start":{"line":294,"column":3},"end":{"line":294,"column":null}},"67":{"start":{"line":296,"column":2},"end":{"line":296,"column":null}},"68":{"start":{"line":312,"column":31},"end":{"line":339,"column":null}},"69":{"start":{"line":320,"column":1},"end":{"line":338,"column":null}},"70":{"start":{"line":323,"column":4},"end":{"line":323,"column":null}},"71":{"start":{"line":326,"column":4},"end":{"line":326,"column":null}},"72":{"start":{"line":328,"column":2},"end":{"line":336,"column":null}},"73":{"start":{"line":329,"column":3},"end":{"line":329,"column":null}},"74":{"start":{"line":329,"column":48},"end":{"line":329,"column":null}},"75":{"start":{"line":331,"column":3},"end":{"line":333,"column":null}},"76":{"start":{"line":332,"column":4},"end":{"line":332,"column":null}},"77":{"start":{"line":334,"column":3},"end":{"line":334,"column":null}},"78":{"start":{"line":335,"column":3},"end":{"line":335,"column":null}},"79":{"start":{"line":337,"column":2},"end":{"line":337,"column":null}},"80":{"start":{"line":344,"column":29},"end":{"line":370,"column":null}},"81":{"start":{"line":353,"column":1},"end":{"line":369,"column":null}},"82":{"start":{"line":354,"column":20},"end":{"line":354,"column":null}},"83":{"start":{"line":355,"column":20},"end":{"line":355,"column":null}},"84":{"start":{"line":357,"column":18},"end":{"line":360,"column":null}},"85":{"start":{"line":362,"column":2},"end":{"line":367,"column":null}},"86":{"start":{"line":363,"column":21},"end":{"line":363,"column":null}},"87":{"start":{"line":364,"column":21},"end":{"line":364,"column":null}},"88":{"start":{"line":366,"column":3},"end":{"line":366,"column":null}},"89":{"start":{"line":366,"column":58},"end":{"line":366,"column":null}},"90":{"start":{"line":368,"column":2},"end":{"line":368,"column":null}},"91":{"start":{"line":375,"column":30},"end":{"line":399,"column":null}},"92":{"start":{"line":376,"column":19},"end":{"line":376,"column":null}},"93":{"start":{"line":377,"column":19},"end":{"line":377,"column":null}},"94":{"start":{"line":379,"column":2},"end":{"line":379,"column":null}},"95":{"start":{"line":381,"column":1},"end":{"line":398,"column":null}},"96":{"start":{"line":388,"column":3},"end":{"line":388,"column":null}},"97":{"start":{"line":392,"column":3},"end":{"line":392,"column":null}},"98":{"start":{"line":392,"column":25},"end":{"line":392,"column":null}},"99":{"start":{"line":393,"column":3},"end":{"line":396,"column":null}},"100":{"start":{"line":404,"column":30},"end":{"line":409,"column":null}},"101":{"start":{"line":405,"column":1},"end":{"line":408,"column":null}},"102":{"start":{"line":414,"column":36},"end":{"line":431,"column":null}},"103":{"start":{"line":415,"column":28},"end":{"line":415,"column":null}},"104":{"start":{"line":416,"column":24},"end":{"line":416,"column":null}},"105":{"start":{"line":418,"column":1},"end":{"line":428,"column":null}},"106":{"start":{"line":419,"column":15},"end":{"line":419,"column":null}},"107":{"start":{"line":420,"column":2},"end":{"line":420,"column":null}},"108":{"start":{"line":420,"column":13},"end":{"line":420,"column":null}},"109":{"start":{"line":422,"column":2},"end":{"line":424,"column":null}},"110":{"start":{"line":423,"column":3},"end":{"line":423,"column":null}},"111":{"start":{"line":426,"column":2},"end":{"line":426,"column":null}},"112":{"start":{"line":426,"column":18},"end":{"line":426,"column":null}},"113":{"start":{"line":427,"column":2},"end":{"line":427,"column":null}},"114":{"start":{"line":427,"column":20},"end":{"line":427,"column":null}},"115":{"start":{"line":430,"column":1},"end":{"line":430,"column":null}},"116":{"start":{"line":441,"column":29},"end":{"line":453,"column":null}},"117":{"start":{"line":442,"column":24},"end":{"line":442,"column":null}},"118":{"start":{"line":443,"column":20},"end":{"line":443,"column":null}},"119":{"start":{"line":444,"column":1},"end":{"line":447,"column":null}},"120":{"start":{"line":445,"column":2},"end":{"line":445,"column":null}},"121":{"start":{"line":446,"column":2},"end":{"line":446,"column":null}},"122":{"start":{"line":448,"column":18},"end":{"line":448,"column":null}},"123":{"start":{"line":449,"column":1},"end":{"line":451,"column":null}},"124":{"start":{"line":449,"column":14},"end":{"line":449,"column":17}},"125":{"start":{"line":450,"column":2},"end":{"line":450,"column":null}},"126":{"start":{"line":452,"column":1},"end":{"line":452,"column":null}},"127":{"start":{"line":458,"column":33},"end":{"line":500,"column":null}},"128":{"start":{"line":459,"column":1},"end":{"line":499,"column":null}},"129":{"start":{"line":466,"column":3},"end":{"line":466,"column":null}},"130":{"start":{"line":472,"column":3},"end":{"line":472,"column":null}},"131":{"start":{"line":476,"column":3},"end":{"line":476,"column":null}},"132":{"start":{"line":480,"column":4},"end":{"line":482,"column":null}},"133":{"start":{"line":485,"column":4},"end":{"line":487,"column":null}},"134":{"start":{"line":489,"column":3},"end":{"line":497,"column":null}},"135":{"start":{"line":493,"column":5},"end":{"line":493,"column":null}},"136":{"start":{"line":496,"column":5},"end":{"line":496,"column":null}},"137":{"start":{"line":505,"column":35},"end":{"line":511,"column":null}},"138":{"start":{"line":506,"column":17},"end":{"line":506,"column":null}},"139":{"start":{"line":507,"column":1},"end":{"line":509,"column":null}},"140":{"start":{"line":508,"column":2},"end":{"line":508,"column":null}},"141":{"start":{"line":510,"column":1},"end":{"line":510,"column":null}},"142":{"start":{"line":516,"column":36},"end":{"line":534,"column":null}},"143":{"start":{"line":517,"column":29},"end":{"line":517,"column":null}},"144":{"start":{"line":519,"column":18},"end":{"line":529,"column":null}},"145":{"start":{"line":520,"column":20},"end":{"line":520,"column":null}},"146":{"start":{"line":521,"column":2},"end":{"line":528,"column":null}},"147":{"start":{"line":522,"column":3},"end":{"line":526,"column":null}},"148":{"start":{"line":523,"column":4},"end":{"line":523,"column":null}},"149":{"start":{"line":524,"column":3},"end":{"line":526,"column":null}},"150":{"start":{"line":525,"column":4},"end":{"line":525,"column":null}},"151":{"start":{"line":527,"column":3},"end":{"line":527,"column":null}},"152":{"start":{"line":531,"column":1},"end":{"line":531,"column":null}},"153":{"start":{"line":533,"column":1},"end":{"line":533,"column":null}},"154":{"start":{"line":539,"column":29},"end":{"line":556,"column":null}},"155":{"start":{"line":545,"column":1},"end":{"line":545,"column":null}},"156":{"start":{"line":545,"column":13},"end":{"line":545,"column":null}},"157":{"start":{"line":546,"column":1},"end":{"line":546,"column":null}},"158":{"start":{"line":546,"column":31},"end":{"line":546,"column":null}},"159":{"start":{"line":548,"column":13},"end":{"line":548,"column":null}},"160":{"start":{"line":549,"column":1},"end":{"line":554,"column":null}},"161":{"start":{"line":550,"column":16},"end":{"line":550,"column":null}},"162":{"start":{"line":551,"column":2},"end":{"line":551,"column":null}},"163":{"start":{"line":551,"column":13},"end":{"line":551,"column":null}},"164":{"start":{"line":553,"column":2},"end":{"line":553,"column":null}},"165":{"start":{"line":555,"column":1},"end":{"line":555,"column":null}},"166":{"start":{"line":567,"column":26},"end":{"line":576,"column":null}},"167":{"start":{"line":568,"column":19},"end":{"line":568,"column":null}},"168":{"start":{"line":569,"column":16},"end":{"line":569,"column":null}},"169":{"start":{"line":570,"column":13},"end":{"line":570,"column":null}},"170":{"start":{"line":571,"column":1},"end":{"line":574,"column":null}},"171":{"start":{"line":572,"column":2},"end":{"line":572,"column":null}},"172":{"start":{"line":573,"column":2},"end":{"line":573,"column":null}},"173":{"start":{"line":575,"column":1},"end":{"line":575,"column":null}},"174":{"start":{"line":581,"column":28},"end":{"line":585,"column":null}},"175":{"start":{"line":582,"column":1},"end":{"line":584,"column":null}},"176":{"start":{"line":595,"column":23},"end":{"line":609,"column":null}},"177":{"start":{"line":596,"column":21},"end":{"line":596,"column":null}},"178":{"start":{"line":597,"column":1},"end":{"line":599,"column":null}},"179":{"start":{"line":598,"column":2},"end":{"line":598,"column":null}},"180":{"start":{"line":600,"column":1},"end":{"line":607,"column":null}},"181":{"start":{"line":602,"column":2},"end":{"line":606,"column":null}},"182":{"start":{"line":608,"column":1},"end":{"line":608,"column":null}},"183":{"start":{"line":614,"column":30},"end":{"line":627,"column":null}},"184":{"start":{"line":615,"column":21},"end":{"line":615,"column":null}},"185":{"start":{"line":616,"column":1},"end":{"line":621,"column":null}},"186":{"start":{"line":620,"column":2},"end":{"line":620,"column":null}},"187":{"start":{"line":622,"column":14},"end":{"line":622,"column":null}},"188":{"start":{"line":623,"column":1},"end":{"line":623,"column":null}},"189":{"start":{"line":623,"column":11},"end":{"line":623,"column":null}},"190":{"start":{"line":624,"column":23},"end":{"line":624,"column":null}},"191":{"start":{"line":625,"column":1},"end":{"line":625,"column":null}},"192":{"start":{"line":625,"column":21},"end":{"line":625,"column":null}},"193":{"start":{"line":626,"column":1},"end":{"line":626,"column":null}},"194":{"start":{"line":632,"column":26},"end":{"line":632,"column":null}},"195":{"start":{"line":632,"column":32},"end":{"line":632,"column":null}},"196":{"start":{"line":637,"column":36},"end":{"line":644,"column":null}},"197":{"start":{"line":638,"column":1},"end":{"line":643,"column":null}},"198":{"start":{"line":639,"column":2},"end":{"line":641,"column":null}},"199":{"start":{"line":640,"column":3},"end":{"line":640,"column":null}},"200":{"start":{"line":642,"column":2},"end":{"line":642,"column":null}},"201":{"start":{"line":646,"column":17},"end":{"line":660,"column":null}},"202":{"start":{"line":647,"column":1},"end":{"line":659,"column":null}},"203":{"start":{"line":648,"column":15},"end":{"line":648,"column":null}},"204":{"start":{"line":649,"column":2},"end":{"line":658,"column":null}},"205":{"start":{"line":650,"column":3},"end":{"line":657,"column":null}},"206":{"start":{"line":651,"column":4},"end":{"line":656,"column":null}},"207":{"start":{"line":662,"column":14},"end":{"line":664,"column":null}},"208":{"start":{"line":669,"column":30},"end":{"line":699,"column":null}},"209":{"start":{"line":670,"column":19},"end":{"line":670,"column":null}},"210":{"start":{"line":671,"column":9},"end":{"line":671,"column":null}},"211":{"start":{"line":672,"column":42},"end":{"line":692,"column":null}},"212":{"start":{"line":682,"column":18},"end":{"line":682,"column":null}},"213":{"start":{"line":683,"column":3},"end":{"line":683,"column":null}},"214":{"start":{"line":684,"column":3},"end":{"line":687,"column":null}},"215":{"start":{"line":685,"column":4},"end":{"line":685,"column":null}},"216":{"start":{"line":686,"column":4},"end":{"line":686,"column":null}},"217":{"start":{"line":688,"column":3},"end":{"line":688,"column":null}},"218":{"start":{"line":693,"column":1},"end":{"line":697,"column":null}},"219":{"start":{"line":694,"column":2},"end":{"line":696,"column":null}},"220":{"start":{"line":698,"column":1},"end":{"line":698,"column":null}},"221":{"start":{"line":704,"column":26},"end":{"line":717,"column":null}},"222":{"start":{"line":705,"column":15},"end":{"line":705,"column":null}},"223":{"start":{"line":706,"column":1},"end":{"line":706,"column":null}},"224":{"start":{"line":706,"column":14},"end":{"line":706,"column":null}},"225":{"start":{"line":708,"column":1},"end":{"line":715,"column":null}},"226":{"start":{"line":714,"column":2},"end":{"line":714,"column":null}},"227":{"start":{"line":716,"column":1},"end":{"line":716,"column":null}},"228":{"start":{"line":722,"column":39},"end":{"line":725,"column":null}},"229":{"start":{"line":723,"column":17},"end":{"line":723,"column":null}},"230":{"start":{"line":724,"column":1},"end":{"line":724,"column":null}},"231":{"start":{"line":735,"column":37},"end":{"line":782,"column":null}},"232":{"start":{"line":740,"column":27},"end":{"line":740,"column":null}},"233":{"start":{"line":742,"column":1},"end":{"line":781,"column":null}},"234":{"start":{"line":743,"column":30},"end":{"line":743,"column":null}},"235":{"start":{"line":744,"column":2},"end":{"line":746,"column":null}},"236":{"start":{"line":745,"column":3},"end":{"line":745,"column":null}},"237":{"start":{"line":748,"column":2},"end":{"line":779,"column":null}},"238":{"start":{"line":749,"column":22},"end":{"line":749,"column":null}},"239":{"start":{"line":750,"column":3},"end":{"line":776,"column":null}},"240":{"start":{"line":754,"column":33},"end":{"line":754,"column":null}},"241":{"start":{"line":755,"column":34},"end":{"line":757,"column":null}},"242":{"start":{"line":758,"column":4},"end":{"line":763,"column":null}},"243":{"start":{"line":759,"column":27},"end":{"line":759,"column":null}},"244":{"start":{"line":760,"column":5},"end":{"line":762,"column":null}},"245":{"start":{"line":761,"column":6},"end":{"line":761,"column":null}},"246":{"start":{"line":765,"column":37},"end":{"line":765,"column":null}},"247":{"start":{"line":767,"column":6},"end":{"line":767,"column":null}},"248":{"start":{"line":768,"column":4},"end":{"line":772,"column":null}},"249":{"start":{"line":769,"column":5},"end":{"line":769,"column":null}},"250":{"start":{"line":770,"column":4},"end":{"line":772,"column":null}},"251":{"start":{"line":771,"column":5},"end":{"line":771,"column":null}},"252":{"start":{"line":773,"column":4},"end":{"line":775,"column":null}},"253":{"start":{"line":774,"column":5},"end":{"line":774,"column":null}},"254":{"start":{"line":777,"column":2},"end":{"line":779,"column":null}},"255":{"start":{"line":778,"column":3},"end":{"line":778,"column":null}},"256":{"start":{"line":780,"column":2},"end":{"line":780,"column":null}},"257":{"start":{"line":784,"column":38},"end":{"line":881,"column":null}},"258":{"start":{"line":790,"column":1},"end":{"line":790,"column":null}},"259":{"start":{"line":790,"column":17},"end":{"line":790,"column":null}},"260":{"start":{"line":792,"column":20},"end":{"line":792,"column":null}},"261":{"start":{"line":794,"column":29},"end":{"line":794,"column":null}},"262":{"start":{"line":795,"column":1},"end":{"line":797,"column":null}},"263":{"start":{"line":796,"column":2},"end":{"line":796,"column":null}},"264":{"start":{"line":807,"column":24},"end":{"line":807,"column":null}},"265":{"start":{"line":808,"column":24},"end":{"line":808,"column":null}},"266":{"start":{"line":812,"column":1},"end":{"line":880,"column":null}},"267":{"start":{"line":815,"column":31},"end":{"line":815,"column":null}},"268":{"start":{"line":818,"column":31},"end":{"line":818,"column":null}},"269":{"start":{"line":820,"column":2},"end":{"line":827,"column":null}},"270":{"start":{"line":821,"column":3},"end":{"line":826,"column":null}},"271":{"start":{"line":828,"column":1},"end":{"line":880,"column":null}},"272":{"start":{"line":833,"column":30},"end":{"line":833,"column":null}},"273":{"start":{"line":835,"column":2},"end":{"line":837,"column":null}},"274":{"start":{"line":836,"column":3},"end":{"line":836,"column":null}},"275":{"start":{"line":838,"column":1},"end":{"line":880,"column":null}},"276":{"start":{"line":843,"column":2},"end":{"line":843,"column":null}},"277":{"start":{"line":846,"column":31},"end":{"line":846,"column":null}},"278":{"start":{"line":848,"column":2},"end":{"line":850,"column":null}},"279":{"start":{"line":849,"column":3},"end":{"line":849,"column":null}},"280":{"start":{"line":851,"column":1},"end":{"line":880,"column":null}},"281":{"start":{"line":857,"column":18},"end":{"line":857,"column":null}},"282":{"start":{"line":859,"column":2},"end":{"line":879,"column":null}},"283":{"start":{"line":864,"column":3},"end":{"line":875,"column":null}},"284":{"start":{"line":865,"column":22},"end":{"line":865,"column":null}},"285":{"start":{"line":867,"column":4},"end":{"line":872,"column":null}},"286":{"start":{"line":874,"column":4},"end":{"line":874,"column":null}},"287":{"start":{"line":878,"column":3},"end":{"line":878,"column":null}},"288":{"start":{"line":883,"column":28},"end":{"line":889,"column":null}},"289":{"start":{"line":884,"column":16},"end":{"line":884,"column":null}},"290":{"start":{"line":886,"column":1},"end":{"line":888,"column":null}},"291":{"start":{"line":887,"column":2},"end":{"line":887,"column":null}},"292":{"start":{"line":891,"column":47},"end":{"line":919,"column":null}},"293":{"start":{"line":897,"column":2},"end":{"line":897,"column":null}},"294":{"start":{"line":898,"column":13},"end":{"line":898,"column":null}},"295":{"start":{"line":900,"column":1},"end":{"line":907,"column":null}},"296":{"start":{"line":902,"column":31},"end":{"line":902,"column":null}},"297":{"start":{"line":903,"column":32},"end":{"line":903,"column":null}},"298":{"start":{"line":906,"column":2},"end":{"line":906,"column":null}},"299":{"start":{"line":909,"column":1},"end":{"line":918,"column":null}},"300":{"start":{"line":912,"column":2},"end":{"line":915,"column":null}},"301":{"start":{"line":913,"column":3},"end":{"line":913,"column":null}},"302":{"start":{"line":914,"column":3},"end":{"line":914,"column":null}},"303":{"start":{"line":917,"column":2},"end":{"line":917,"column":null}},"304":{"start":{"line":921,"column":15},"end":{"line":921,"column":null}},"305":{"start":{"line":922,"column":24},"end":{"line":928,"column":null}},"306":{"start":{"line":939,"column":34},"end":{"line":994,"column":null}},"307":{"start":{"line":946,"column":1},"end":{"line":993,"column":null}},"308":{"start":{"line":947,"column":20},"end":{"line":947,"column":null}},"309":{"start":{"line":948,"column":19},"end":{"line":949,"column":null}},"310":{"start":{"line":949,"column":3},"end":{"line":949,"column":null}},"311":{"start":{"line":951,"column":21},"end":{"line":951,"column":null}},"312":{"start":{"line":953,"column":2},"end":{"line":956,"column":null}},"313":{"start":{"line":954,"column":3},"end":{"line":954,"column":null}},"314":{"start":{"line":955,"column":3},"end":{"line":955,"column":null}},"315":{"start":{"line":958,"column":24},"end":{"line":958,"column":null}},"316":{"start":{"line":959,"column":2},"end":{"line":991,"column":null}},"317":{"start":{"line":961,"column":3},"end":{"line":990,"column":null}},"318":{"start":{"line":962,"column":4},"end":{"line":962,"column":null}},"319":{"start":{"line":963,"column":3},"end":{"line":990,"column":null}},"320":{"start":{"line":965,"column":5},"end":{"line":969,"column":null}},"321":{"start":{"line":971,"column":5},"end":{"line":974,"column":null}},"322":{"start":{"line":976,"column":4},"end":{"line":987,"column":null}},"323":{"start":{"line":977,"column":5},"end":{"line":977,"column":null}},"324":{"start":{"line":978,"column":4},"end":{"line":987,"column":null}},"325":{"start":{"line":979,"column":5},"end":{"line":984,"column":null}},"326":{"start":{"line":985,"column":4},"end":{"line":987,"column":null}},"327":{"start":{"line":986,"column":5},"end":{"line":986,"column":null}},"328":{"start":{"line":989,"column":4},"end":{"line":989,"column":null}},"329":{"start":{"line":992,"column":2},"end":{"line":992,"column":null}},"330":{"start":{"line":1021,"column":26},"end":{"line":1062,"column":null}},"331":{"start":{"line":1022,"column":1},"end":{"line":1061,"column":null}},"332":{"start":{"line":1023,"column":18},"end":{"line":1023,"column":null}},"333":{"start":{"line":1025,"column":2},"end":{"line":1025,"column":null}},"334":{"start":{"line":1027,"column":2},"end":{"line":1028,"column":null}},"335":{"start":{"line":1030,"column":32},"end":{"line":1030,"column":null}},"336":{"start":{"line":1031,"column":2},"end":{"line":1042,"column":null}},"337":{"start":{"line":1032,"column":3},"end":{"line":1041,"column":null}},"338":{"start":{"line":1038,"column":4},"end":{"line":1039,"column":null}},"339":{"start":{"line":1039,"column":5},"end":{"line":1039,"column":null}},"340":{"start":{"line":1040,"column":4},"end":{"line":1040,"column":null}},"341":{"start":{"line":1044,"column":35},"end":{"line":1044,"column":null}},"342":{"start":{"line":1045,"column":2},"end":{"line":1051,"column":null}},"343":{"start":{"line":1046,"column":3},"end":{"line":1050,"column":null}},"344":{"start":{"line":1047,"column":4},"end":{"line":1048,"column":null}},"345":{"start":{"line":1048,"column":5},"end":{"line":1048,"column":null}},"346":{"start":{"line":1049,"column":4},"end":{"line":1049,"column":null}},"347":{"start":{"line":1053,"column":36},"end":{"line":1053,"column":null}},"348":{"start":{"line":1054,"column":2},"end":{"line":1060,"column":null}},"349":{"start":{"line":1055,"column":3},"end":{"line":1059,"column":null}},"350":{"start":{"line":1056,"column":4},"end":{"line":1057,"column":null}},"351":{"start":{"line":1057,"column":5},"end":{"line":1057,"column":null}},"352":{"start":{"line":1058,"column":4},"end":{"line":1058,"column":null}},"353":{"start":{"line":1064,"column":22},"end":{"line":1118,"column":null}},"354":{"start":{"line":1067,"column":18},"end":{"line":1067,"column":null}},"355":{"start":{"line":1069,"column":1},"end":{"line":1115,"column":null}},"356":{"start":{"line":1070,"column":17},"end":{"line":1070,"column":null}},"357":{"start":{"line":1071,"column":2},"end":{"line":1085,"column":null}},"358":{"start":{"line":1072,"column":3},"end":{"line":1072,"column":null}},"359":{"start":{"line":1073,"column":19},"end":{"line":1073,"column":null}},"360":{"start":{"line":1075,"column":3},"end":{"line":1084,"column":null}},"361":{"start":{"line":1076,"column":27},"end":{"line":1076,"column":null}},"362":{"start":{"line":1077,"column":4},"end":{"line":1079,"column":null}},"363":{"start":{"line":1078,"column":5},"end":{"line":1078,"column":null}},"364":{"start":{"line":1080,"column":22},"end":{"line":1080,"column":null}},"365":{"start":{"line":1081,"column":4},"end":{"line":1083,"column":null}},"366":{"start":{"line":1082,"column":5},"end":{"line":1082,"column":null}},"367":{"start":{"line":1087,"column":2},"end":{"line":1093,"column":null}},"368":{"start":{"line":1088,"column":3},"end":{"line":1088,"column":null}},"369":{"start":{"line":1089,"column":3},"end":{"line":1089,"column":null}},"370":{"start":{"line":1090,"column":3},"end":{"line":1090,"column":null}},"371":{"start":{"line":1091,"column":3},"end":{"line":1091,"column":null}},"372":{"start":{"line":1092,"column":3},"end":{"line":1092,"column":null}},"373":{"start":{"line":1095,"column":28},"end":{"line":1095,"column":null}},"374":{"start":{"line":1096,"column":2},"end":{"line":1100,"column":null}},"375":{"start":{"line":1097,"column":3},"end":{"line":1099,"column":null}},"376":{"start":{"line":1098,"column":4},"end":{"line":1098,"column":null}},"377":{"start":{"line":1098,"column":18},"end":{"line":1098,"column":63}},"378":{"start":{"line":1102,"column":31},"end":{"line":1102,"column":null}},"379":{"start":{"line":1103,"column":2},"end":{"line":1107,"column":null}},"380":{"start":{"line":1104,"column":3},"end":{"line":1106,"column":null}},"381":{"start":{"line":1105,"column":4},"end":{"line":1105,"column":null}},"382":{"start":{"line":1105,"column":18},"end":{"line":1105,"column":56}},"383":{"start":{"line":1109,"column":32},"end":{"line":1109,"column":null}},"384":{"start":{"line":1110,"column":2},"end":{"line":1114,"column":null}},"385":{"start":{"line":1111,"column":3},"end":{"line":1113,"column":null}},"386":{"start":{"line":1112,"column":4},"end":{"line":1112,"column":null}},"387":{"start":{"line":1112,"column":18},"end":{"line":1112,"column":57}},"388":{"start":{"line":1117,"column":1},"end":{"line":1117,"column":null}},"389":{"start":{"line":1120,"column":23},"end":{"line":1130,"column":null}},"390":{"start":{"line":1124,"column":1},"end":{"line":1128,"column":null}},"391":{"start":{"line":1125,"column":2},"end":{"line":1125,"column":null}},"392":{"start":{"line":1127,"column":2},"end":{"line":1127,"column":null}},"393":{"start":{"line":1129,"column":1},"end":{"line":1129,"column":null}}},"fnMap":{"0":{"name":"(anonymous_0)","decl":{"start":{"line":174,"column":30},"end":{"line":174,"column":null}},"loc":{"start":{"line":177,"column":1},"end":{"line":184,"column":null}}},"1":{"name":"(anonymous_1)","decl":{"start":{"line":189,"column":28},"end":{"line":189,"column":29}},"loc":{"start":{"line":190,"column":1},"end":{"line":197,"column":null}}},"2":{"name":"(anonymous_2)","decl":{"start":{"line":204,"column":27},"end":{"line":204,"column":28}},"loc":{"start":{"line":205,"column":1},"end":{"line":210,"column":null}}},"3":{"name":"(anonymous_3)","decl":{"start":{"line":217,"column":32},"end":{"line":217,"column":33}},"loc":{"start":{"line":218,"column":1},"end":{"line":222,"column":null}}},"4":{"name":"(anonymous_4)","decl":{"start":{"line":227,"column":32},"end":{"line":227,"column":null}},"loc":{"start":{"line":234,"column":5},"end":{"line":267,"column":null}}},"5":{"name":"(anonymous_5)","decl":{"start":{"line":235,"column":16},"end":{"line":235,"column":22}},"loc":{"start":{"line":235,"column":22},"end":{"line":266,"column":2}}},"6":{"name":"(anonymous_6)","decl":{"start":{"line":278,"column":29},"end":{"line":278,"column":null}},"loc":{"start":{"line":285,"column":5},"end":{"line":298,"column":null}}},"7":{"name":"(anonymous_7)","decl":{"start":{"line":286,"column":16},"end":{"line":286,"column":22}},"loc":{"start":{"line":286,"column":22},"end":{"line":297,"column":2}}},"8":{"name":"(anonymous_8)","decl":{"start":{"line":312,"column":31},"end":{"line":312,"column":null}},"loc":{"start":{"line":319,"column":5},"end":{"line":339,"column":null}}},"9":{"name":"(anonymous_9)","decl":{"start":{"line":320,"column":16},"end":{"line":320,"column":22}},"loc":{"start":{"line":320,"column":22},"end":{"line":338,"column":2}}},"10":{"name":"(anonymous_10)","decl":{"start":{"line":344,"column":29},"end":{"line":344,"column":null}},"loc":{"start":{"line":352,"column":5},"end":{"line":370,"column":null}}},"11":{"name":"(anonymous_11)","decl":{"start":{"line":353,"column":16},"end":{"line":353,"column":22}},"loc":{"start":{"line":353,"column":22},"end":{"line":369,"column":2}}},"12":{"name":"(anonymous_12)","decl":{"start":{"line":375,"column":30},"end":{"line":375,"column":31}},"loc":{"start":{"line":375,"column":57},"end":{"line":399,"column":null}}},"13":{"name":"(anonymous_13)","decl":{"start":{"line":404,"column":30},"end":{"line":404,"column":31}},"loc":{"start":{"line":404,"column":57},"end":{"line":409,"column":null}}},"14":{"name":"(anonymous_14)","decl":{"start":{"line":414,"column":36},"end":{"line":414,"column":37}},"loc":{"start":{"line":414,"column":63},"end":{"line":431,"column":null}}},"15":{"name":"(anonymous_15)","decl":{"start":{"line":441,"column":29},"end":{"line":441,"column":30}},"loc":{"start":{"line":441,"column":47},"end":{"line":453,"column":null}}},"16":{"name":"(anonymous_16)","decl":{"start":{"line":458,"column":33},"end":{"line":458,"column":34}},"loc":{"start":{"line":458,"column":51},"end":{"line":500,"column":null}}},"17":{"name":"(anonymous_17)","decl":{"start":{"line":505,"column":35},"end":{"line":505,"column":36}},"loc":{"start":{"line":505,"column":72},"end":{"line":511,"column":null}}},"18":{"name":"(anonymous_18)","decl":{"start":{"line":516,"column":36},"end":{"line":516,"column":37}},"loc":{"start":{"line":516,"column":54},"end":{"line":534,"column":null}}},"19":{"name":"(anonymous_19)","decl":{"start":{"line":519,"column":18},"end":{"line":519,"column":19}},"loc":{"start":{"line":519,"column":42},"end":{"line":529,"column":null}}},"20":{"name":"(anonymous_20)","decl":{"start":{"line":539,"column":29},"end":{"line":539,"column":null}},"loc":{"start":{"line":544,"column":19},"end":{"line":556,"column":null}}},"21":{"name":"(anonymous_21)","decl":{"start":{"line":567,"column":26},"end":{"line":567,"column":27}},"loc":{"start":{"line":567,"column":64},"end":{"line":576,"column":null}}},"22":{"name":"(anonymous_22)","decl":{"start":{"line":581,"column":28},"end":{"line":581,"column":29}},"loc":{"start":{"line":581,"column":46},"end":{"line":585,"column":null}}},"23":{"name":"(anonymous_23)","decl":{"start":{"line":595,"column":23},"end":{"line":595,"column":24}},"loc":{"start":{"line":595,"column":79},"end":{"line":609,"column":null}}},"24":{"name":"(anonymous_24)","decl":{"start":{"line":614,"column":30},"end":{"line":614,"column":31}},"loc":{"start":{"line":614,"column":64},"end":{"line":627,"column":null}}},"25":{"name":"(anonymous_25)","decl":{"start":{"line":632,"column":26},"end":{"line":632,"column":32}},"loc":{"start":{"line":632,"column":32},"end":{"line":632,"column":null}}},"26":{"name":"(anonymous_26)","decl":{"start":{"line":637,"column":36},"end":{"line":637,"column":37}},"loc":{"start":{"line":637,"column":65},"end":{"line":644,"column":null}}},"27":{"name":"(anonymous_27)","decl":{"start":{"line":638,"column":16},"end":{"line":638,"column":22}},"loc":{"start":{"line":638,"column":22},"end":{"line":643,"column":2}}},"28":{"name":"(anonymous_28)","decl":{"start":{"line":646,"column":17},"end":{"line":646,"column":18}},"loc":{"start":{"line":646,"column":34},"end":{"line":660,"column":null}}},"29":{"name":"(anonymous_29)","decl":{"start":{"line":647,"column":9},"end":{"line":647,"column":15}},"loc":{"start":{"line":647,"column":15},"end":{"line":659,"column":2}}},"30":{"name":"(anonymous_30)","decl":{"start":{"line":650,"column":14},"end":{"line":650,"column":20}},"loc":{"start":{"line":650,"column":20},"end":{"line":657,"column":4}}},"31":{"name":"(anonymous_31)","decl":{"start":{"line":662,"column":14},"end":{"line":662,"column":20}},"loc":{"start":{"line":662,"column":20},"end":{"line":664,"column":null}}},"32":{"name":"(anonymous_32)","decl":{"start":{"line":669,"column":30},"end":{"line":669,"column":31}},"loc":{"start":{"line":669,"column":60},"end":{"line":699,"column":null}}},"33":{"name":"(anonymous_33)","decl":{"start":{"line":681,"column":2},"end":{"line":681,"column":9}},"loc":{"start":{"line":681,"column":19},"end":{"line":689,"column":null}}},"34":{"name":"(anonymous_34)","decl":{"start":{"line":693,"column":9},"end":{"line":693,"column":15}},"loc":{"start":{"line":693,"column":15},"end":{"line":697,"column":2}}},"35":{"name":"(anonymous_35)","decl":{"start":{"line":704,"column":26},"end":{"line":704,"column":27}},"loc":{"start":{"line":704,"column":56},"end":{"line":717,"column":null}}},"36":{"name":"(anonymous_36)","decl":{"start":{"line":722,"column":39},"end":{"line":722,"column":45}},"loc":{"start":{"line":722,"column":45},"end":{"line":725,"column":null}}},"37":{"name":"(anonymous_37)","decl":{"start":{"line":735,"column":37},"end":{"line":735,"column":null}},"loc":{"start":{"line":739,"column":5},"end":{"line":782,"column":null}}},"38":{"name":"(anonymous_38)","decl":{"start":{"line":784,"column":38},"end":{"line":784,"column":null}},"loc":{"start":{"line":789,"column":5},"end":{"line":881,"column":null}}},"39":{"name":"(anonymous_39)","decl":{"start":{"line":883,"column":28},"end":{"line":883,"column":29}},"loc":{"start":{"line":883,"column":71},"end":{"line":889,"column":null}}},"40":{"name":"(anonymous_40)","decl":{"start":{"line":891,"column":47},"end":{"line":891,"column":null}},"loc":{"start":{"line":894,"column":5},"end":{"line":919,"column":null}}},"41":{"name":"(anonymous_41)","decl":{"start":{"line":939,"column":34},"end":{"line":939,"column":35}},"loc":{"start":{"line":945,"column":6},"end":{"line":994,"column":null}}},"42":{"name":"(anonymous_42)","decl":{"start":{"line":946,"column":8},"end":{"line":946,"column":12}},"loc":{"start":{"line":946,"column":72},"end":{"line":993,"column":null}}},"43":{"name":"(anonymous_43)","decl":{"start":{"line":948,"column":19},"end":{"line":948,"column":20}},"loc":{"start":{"line":949,"column":3},"end":{"line":949,"column":null}}},"44":{"name":"(anonymous_44)","decl":{"start":{"line":959,"column":10},"end":{"line":959,"column":16}},"loc":{"start":{"line":959,"column":16},"end":{"line":991,"column":5}}},"45":{"name":"(anonymous_45)","decl":{"start":{"line":1021,"column":26},"end":{"line":1021,"column":27}},"loc":{"start":{"line":1021,"column":63},"end":{"line":1062,"column":null}}},"46":{"name":"(anonymous_46)","decl":{"start":{"line":1022,"column":19},"end":{"line":1022,"column":25}},"loc":{"start":{"line":1022,"column":25},"end":{"line":1061,"column":2}}},"47":{"name":"(anonymous_47)","decl":{"start":{"line":1032,"column":31},"end":{"line":1032,"column":null}},"loc":{"start":{"line":1037,"column":8},"end":{"line":1041,"column":null}}},"48":{"name":"(anonymous_48)","decl":{"start":{"line":1046,"column":34},"end":{"line":1046,"column":35}},"loc":{"start":{"line":1046,"column":75},"end":{"line":1050,"column":null}}},"49":{"name":"(anonymous_49)","decl":{"start":{"line":1055,"column":35},"end":{"line":1055,"column":36}},"loc":{"start":{"line":1055,"column":76},"end":{"line":1059,"column":null}}},"50":{"name":"(anonymous_50)","decl":{"start":{"line":1064,"column":22},"end":{"line":1064,"column":null}},"loc":{"start":{"line":1066,"column":29},"end":{"line":1118,"column":null}}},"51":{"name":"(anonymous_51)","decl":{"start":{"line":1069,"column":20},"end":{"line":1069,"column":26}},"loc":{"start":{"line":1069,"column":26},"end":{"line":1115,"column":null}}},"52":{"name":"(anonymous_52)","decl":{"start":{"line":1071,"column":10},"end":{"line":1071,"column":16}},"loc":{"start":{"line":1071,"column":16},"end":{"line":1085,"column":3}}},"53":{"name":"(anonymous_53)","decl":{"start":{"line":1097,"column":31},"end":{"line":1097,"column":32}},"loc":{"start":{"line":1097,"column":63},"end":{"line":1099,"column":null}}},"54":{"name":"(anonymous_54)","decl":{"start":{"line":1098,"column":12},"end":{"line":1098,"column":18}},"loc":{"start":{"line":1098,"column":18},"end":{"line":1098,"column":63}}},"55":{"name":"(anonymous_55)","decl":{"start":{"line":1104,"column":34},"end":{"line":1104,"column":35}},"loc":{"start":{"line":1104,"column":56},"end":{"line":1106,"column":null}}},"56":{"name":"(anonymous_56)","decl":{"start":{"line":1105,"column":12},"end":{"line":1105,"column":18}},"loc":{"start":{"line":1105,"column":18},"end":{"line":1105,"column":56}}},"57":{"name":"(anonymous_57)","decl":{"start":{"line":1111,"column":35},"end":{"line":1111,"column":36}},"loc":{"start":{"line":1111,"column":57},"end":{"line":1113,"column":null}}},"58":{"name":"(anonymous_58)","decl":{"start":{"line":1112,"column":12},"end":{"line":1112,"column":18}},"loc":{"start":{"line":1112,"column":18},"end":{"line":1112,"column":57}}},"59":{"name":"(anonymous_59)","decl":{"start":{"line":1120,"column":23},"end":{"line":1120,"column":null}},"loc":{"start":{"line":1123,"column":5},"end":{"line":1130,"column":null}}}},"branchMap":{"0":{"loc":{"start":{"line":177,"column":1},"end":{"line":184,"column":null}},"type":"binary-expr","locations":[{"start":{"line":177,"column":1},"end":{"line":177,"column":null}},{"start":{"line":178,"column":1},"end":{"line":178,"column":null}},{"start":{"line":179,"column":1},"end":{"line":179,"column":null}},{"start":{"line":181,"column":1},"end":{"line":184,"column":null}}]},"1":{"loc":{"start":{"line":190,"column":1},"end":{"line":197,"column":null}},"type":"binary-expr","locations":[{"start":{"line":190,"column":1},"end":{"line":190,"column":null}},{"start":{"line":191,"column":1},"end":{"line":191,"column":null}},{"start":{"line":192,"column":1},"end":{"line":192,"column":null}},{"start":{"line":193,"column":1},"end":{"line":193,"column":null}},{"start":{"line":194,"column":1},"end":{"line":194,"column":null}},{"start":{"line":195,"column":1},"end":{"line":195,"column":null}},{"start":{"line":196,"column":1},"end":{"line":196,"column":null}},{"start":{"line":197,"column":1},"end":{"line":197,"column":null}}]},"2":{"loc":{"start":{"line":205,"column":1},"end":{"line":210,"column":null}},"type":"binary-expr","locations":[{"start":{"line":205,"column":1},"end":{"line":205,"column":null}},{"start":{"line":207,"column":1},"end":{"line":207,"column":null}},{"start":{"line":209,"column":1},"end":{"line":209,"column":null}},{"start":{"line":210,"column":1},"end":{"line":210,"column":null}}]},"3":{"loc":{"start":{"line":218,"column":1},"end":{"line":222,"column":null}},"type":"binary-expr","locations":[{"start":{"line":218,"column":1},"end":{"line":218,"column":null}},{"start":{"line":219,"column":1},"end":{"line":219,"column":null}},{"start":{"line":220,"column":1},"end":{"line":220,"column":null}},{"start":{"line":221,"column":1},"end":{"line":221,"column":null}},{"start":{"line":222,"column":1},"end":{"line":222,"column":null}}]},"4":{"loc":{"start":{"line":239,"column":2},"end":{"line":239,"column":null}},"type":"if","locations":[{"start":{"line":239,"column":2},"end":{"line":239,"column":null}},{"start":{},"end":{}}]},"5":{"loc":{"start":{"line":239,"column":6},"end":{"line":239,"column":46}},"type":"binary-expr","locations":[{"start":{"line":239,"column":6},"end":{"line":239,"column":27}},{"start":{"line":239,"column":27},"end":{"line":239,"column":46}}]},"6":{"loc":{"start":{"line":240,"column":2},"end":{"line":247,"column":null}},"type":"if","locations":[{"start":{"line":240,"column":2},"end":{"line":247,"column":null}},{"start":{},"end":{}}]},"7":{"loc":{"start":{"line":241,"column":3},"end":{"line":244,"column":null}},"type":"binary-expr","locations":[{"start":{"line":241,"column":3},"end":{"line":241,"column":null}},{"start":{"line":242,"column":3},"end":{"line":242,"column":null}},{"start":{"line":243,"column":3},"end":{"line":243,"column":null}},{"start":{"line":244,"column":3},"end":{"line":244,"column":null}}]},"8":{"loc":{"start":{"line":253,"column":4},"end":{"line":258,"column":null}},"type":"binary-expr","locations":[{"start":{"line":253,"column":4},"end":{"line":253,"column":null}},{"start":{"line":254,"column":4},"end":{"line":254,"column":null}},{"start":{"line":255,"column":4},"end":{"line":255,"column":null}},{"start":{"line":256,"column":4},"end":{"line":256,"column":null}},{"start":{"line":257,"column":4},"end":{"line":257,"column":null}},{"start":{"line":258,"column":4},"end":{"line":258,"column":null}}]},"9":{"loc":{"start":{"line":260,"column":3},"end":{"line":260,"column":null}},"type":"if","locations":[{"start":{"line":260,"column":3},"end":{"line":260,"column":null}},{"start":{},"end":{}}]},"10":{"loc":{"start":{"line":290,"column":9},"end":{"line":290,"column":33}},"type":"binary-expr","locations":[{"start":{"line":290,"column":9},"end":{"line":290,"column":22}},{"start":{"line":290,"column":22},"end":{"line":290,"column":33}}]},"11":{"loc":{"start":{"line":291,"column":3},"end":{"line":291,"column":null}},"type":"if","locations":[{"start":{"line":291,"column":3},"end":{"line":291,"column":null}},{"start":{},"end":{}}]},"12":{"loc":{"start":{"line":328,"column":9},"end":{"line":328,"column":33}},"type":"binary-expr","locations":[{"start":{"line":328,"column":9},"end":{"line":328,"column":22}},{"start":{"line":328,"column":22},"end":{"line":328,"column":33}}]},"13":{"loc":{"start":{"line":329,"column":3},"end":{"line":329,"column":null}},"type":"if","locations":[{"start":{"line":329,"column":3},"end":{"line":329,"column":null}},{"start":{},"end":{}}]},"14":{"loc":{"start":{"line":331,"column":3},"end":{"line":333,"column":null}},"type":"if","locations":[{"start":{"line":331,"column":3},"end":{"line":333,"column":null}},{"start":{},"end":{}}]},"15":{"loc":{"start":{"line":331,"column":7},"end":{"line":331,"column":71}},"type":"binary-expr","locations":[{"start":{"line":331,"column":7},"end":{"line":331,"column":40}},{"start":{"line":331,"column":40},"end":{"line":331,"column":71}}]},"16":{"loc":{"start":{"line":355,"column":20},"end":{"line":355,"column":null}},"type":"binary-expr","locations":[{"start":{"line":355,"column":20},"end":{"line":355,"column":54}},{"start":{"line":355,"column":54},"end":{"line":355,"column":null}}]},"17":{"loc":{"start":{"line":366,"column":3},"end":{"line":366,"column":null}},"type":"if","locations":[{"start":{"line":366,"column":3},"end":{"line":366,"column":null}},{"start":{},"end":{}}]},"18":{"loc":{"start":{"line":377,"column":19},"end":{"line":377,"column":null}},"type":"binary-expr","locations":[{"start":{"line":377,"column":19},"end":{"line":377,"column":53}},{"start":{"line":377,"column":53},"end":{"line":377,"column":null}}]},"19":{"loc":{"start":{"line":379,"column":2},"end":{"line":379,"column":null}},"type":"binary-expr","locations":[{"start":{"line":379,"column":2},"end":{"line":379,"column":18}},{"start":{"line":379,"column":18},"end":{"line":379,"column":74}},{"start":{"line":379,"column":74},"end":{"line":379,"column":null}}]},"20":{"loc":{"start":{"line":381,"column":1},"end":{"line":398,"column":null}},"type":"switch","locations":[{"start":{"line":382,"column":2},"end":{"line":382,"column":null}},{"start":{"line":383,"column":2},"end":{"line":383,"column":null}},{"start":{"line":384,"column":2},"end":{"line":384,"column":null}},{"start":{"line":385,"column":2},"end":{"line":385,"column":null}},{"start":{"line":386,"column":2},"end":{"line":386,"column":null}},{"start":{"line":387,"column":2},"end":{"line":389,"column":null}},{"start":{"line":390,"column":2},"end":{"line":396,"column":null}}]},"21":{"loc":{"start":{"line":392,"column":3},"end":{"line":392,"column":null}},"type":"if","locations":[{"start":{"line":392,"column":3},"end":{"line":392,"column":null}},{"start":{},"end":{}}]},"22":{"loc":{"start":{"line":394,"column":4},"end":{"line":396,"column":null}},"type":"binary-expr","locations":[{"start":{"line":394,"column":4},"end":{"line":394,"column":null}},{"start":{"line":395,"column":4},"end":{"line":395,"column":null}},{"start":{"line":396,"column":4},"end":{"line":396,"column":null}}]},"23":{"loc":{"start":{"line":405,"column":8},"end":{"line":407,"column":null}},"type":"binary-expr","locations":[{"start":{"line":405,"column":8},"end":{"line":406,"column":null}},{"start":{"line":406,"column":46},"end":{"line":407,"column":null}}]},"24":{"loc":{"start":{"line":420,"column":2},"end":{"line":420,"column":null}},"type":"if","locations":[{"start":{"line":420,"column":2},"end":{"line":420,"column":null}},{"start":{},"end":{}}]},"25":{"loc":{"start":{"line":422,"column":2},"end":{"line":424,"column":null}},"type":"if","locations":[{"start":{"line":422,"column":2},"end":{"line":424,"column":null}},{"start":{},"end":{}}]},"26":{"loc":{"start":{"line":422,"column":6},"end":{"line":422,"column":73}},"type":"binary-expr","locations":[{"start":{"line":422,"column":6},"end":{"line":422,"column":27}},{"start":{"line":422,"column":27},"end":{"line":422,"column":51}},{"start":{"line":422,"column":51},"end":{"line":422,"column":73}}]},"27":{"loc":{"start":{"line":426,"column":2},"end":{"line":426,"column":null}},"type":"if","locations":[{"start":{"line":426,"column":2},"end":{"line":426,"column":null}},{"start":{},"end":{}}]},"28":{"loc":{"start":{"line":427,"column":2},"end":{"line":427,"column":null}},"type":"if","locations":[{"start":{"line":427,"column":2},"end":{"line":427,"column":null}},{"start":{},"end":{}}]},"29":{"loc":{"start":{"line":459,"column":1},"end":{"line":499,"column":null}},"type":"switch","locations":[{"start":{"line":460,"column":2},"end":{"line":466,"column":null}},{"start":{"line":468,"column":2},"end":{"line":468,"column":null}},{"start":{"line":469,"column":2},"end":{"line":469,"column":null}},{"start":{"line":470,"column":2},"end":{"line":470,"column":null}},{"start":{"line":471,"column":2},"end":{"line":472,"column":null}},{"start":{"line":474,"column":2},"end":{"line":476,"column":null}},{"start":{"line":478,"column":2},"end":{"line":498,"column":null}}]},"30":{"loc":{"start":{"line":480,"column":4},"end":{"line":482,"column":null}},"type":"cond-expr","locations":[{"start":{"line":481,"column":7},"end":{"line":481,"column":null}},{"start":{"line":482,"column":7},"end":{"line":482,"column":null}}]},"31":{"loc":{"start":{"line":480,"column":4},"end":{"line":480,"column":null}},"type":"binary-expr","locations":[{"start":{"line":480,"column":4},"end":{"line":480,"column":38}},{"start":{"line":480,"column":38},"end":{"line":480,"column":null}}]},"32":{"loc":{"start":{"line":485,"column":4},"end":{"line":487,"column":null}},"type":"cond-expr","locations":[{"start":{"line":486,"column":7},"end":{"line":486,"column":null}},{"start":{"line":487,"column":7},"end":{"line":487,"column":null}}]},"33":{"loc":{"start":{"line":489,"column":3},"end":{"line":497,"column":null}},"type":"switch","locations":[{"start":{"line":490,"column":4},"end":{"line":490,"column":null}},{"start":{"line":491,"column":4},"end":{"line":491,"column":null}},{"start":{"line":492,"column":4},"end":{"line":493,"column":null}},{"start":{"line":495,"column":4},"end":{"line":496,"column":null}}]},"34":{"loc":{"start":{"line":505,"column":50},"end":{"line":505,"column":72}},"type":"default-arg","locations":[{"start":{"line":505,"column":62},"end":{"line":505,"column":72}}]},"35":{"loc":{"start":{"line":507,"column":1},"end":{"line":509,"column":null}},"type":"if","locations":[{"start":{"line":507,"column":1},"end":{"line":509,"column":null}},{"start":{},"end":{}}]},"36":{"loc":{"start":{"line":522,"column":3},"end":{"line":526,"column":null}},"type":"if","locations":[{"start":{"line":522,"column":3},"end":{"line":526,"column":null}},{"start":{"line":524,"column":3},"end":{"line":526,"column":null}}]},"37":{"loc":{"start":{"line":524,"column":3},"end":{"line":526,"column":null}},"type":"if","locations":[{"start":{"line":524,"column":3},"end":{"line":526,"column":null}},{"start":{},"end":{}}]},"38":{"loc":{"start":{"line":543,"column":1},"end":{"line":543,"column":null}},"type":"default-arg","locations":[{"start":{"line":543,"column":13},"end":{"line":543,"column":null}}]},"39":{"loc":{"start":{"line":545,"column":1},"end":{"line":545,"column":null}},"type":"if","locations":[{"start":{"line":545,"column":1},"end":{"line":545,"column":null}},{"start":{},"end":{}}]},"40":{"loc":{"start":{"line":546,"column":1},"end":{"line":546,"column":null}},"type":"if","locations":[{"start":{"line":546,"column":1},"end":{"line":546,"column":null}},{"start":{},"end":{}}]},"41":{"loc":{"start":{"line":548,"column":13},"end":{"line":548,"column":null}},"type":"cond-expr","locations":[{"start":{"line":548,"column":25},"end":{"line":548,"column":40}},{"start":{"line":548,"column":40},"end":{"line":548,"column":null}}]},"42":{"loc":{"start":{"line":551,"column":2},"end":{"line":551,"column":null}},"type":"if","locations":[{"start":{"line":551,"column":2},"end":{"line":551,"column":null}},{"start":{},"end":{}}]},"43":{"loc":{"start":{"line":553,"column":10},"end":{"line":553,"column":null}},"type":"cond-expr","locations":[{"start":{"line":553,"column":22},"end":{"line":553,"column":29}},{"start":{"line":553,"column":29},"end":{"line":553,"column":null}}]},"44":{"loc":{"start":{"line":568,"column":19},"end":{"line":568,"column":null}},"type":"binary-expr","locations":[{"start":{"line":568,"column":19},"end":{"line":568,"column":44}},{"start":{"line":568,"column":44},"end":{"line":568,"column":null}}]},"45":{"loc":{"start":{"line":570,"column":13},"end":{"line":570,"column":null}},"type":"binary-expr","locations":[{"start":{"line":570,"column":13},"end":{"line":570,"column":29}},{"start":{"line":570,"column":29},"end":{"line":570,"column":null}}]},"46":{"loc":{"start":{"line":571,"column":8},"end":{"line":571,"column":40}},"type":"binary-expr","locations":[{"start":{"line":571,"column":8},"end":{"line":571,"column":25}},{"start":{"line":571,"column":25},"end":{"line":571,"column":40}}]},"47":{"loc":{"start":{"line":572,"column":14},"end":{"line":572,"column":null}},"type":"binary-expr","locations":[{"start":{"line":572,"column":14},"end":{"line":572,"column":38}},{"start":{"line":572,"column":38},"end":{"line":572,"column":null}}]},"48":{"loc":{"start":{"line":597,"column":1},"end":{"line":599,"column":null}},"type":"if","locations":[{"start":{"line":597,"column":1},"end":{"line":599,"column":null}},{"start":{},"end":{}}]},"49":{"loc":{"start":{"line":600,"column":1},"end":{"line":607,"column":null}},"type":"if","locations":[{"start":{"line":600,"column":1},"end":{"line":607,"column":null}},{"start":{},"end":{}}]},"50":{"loc":{"start":{"line":600,"column":5},"end":{"line":600,"column":53}},"type":"binary-expr","locations":[{"start":{"line":600,"column":5},"end":{"line":600,"column":40}},{"start":{"line":600,"column":40},"end":{"line":600,"column":53}}]},"51":{"loc":{"start":{"line":603,"column":4},"end":{"line":605,"column":null}},"type":"binary-expr","locations":[{"start":{"line":603,"column":4},"end":{"line":604,"column":null}},{"start":{"line":605,"column":5},"end":{"line":605,"column":null}}]},"52":{"loc":{"start":{"line":616,"column":1},"end":{"line":621,"column":null}},"type":"if","locations":[{"start":{"line":616,"column":1},"end":{"line":621,"column":null}},{"start":{},"end":{}}]},"53":{"loc":{"start":{"line":617,"column":2},"end":{"line":618,"column":null}},"type":"binary-expr","locations":[{"start":{"line":617,"column":2},"end":{"line":617,"column":null}},{"start":{"line":618,"column":2},"end":{"line":618,"column":null}}]},"54":{"loc":{"start":{"line":618,"column":4},"end":{"line":618,"column":null}},"type":"binary-expr","locations":[{"start":{"line":618,"column":4},"end":{"line":618,"column":39}},{"start":{"line":618,"column":39},"end":{"line":618,"column":null}}]},"55":{"loc":{"start":{"line":622,"column":14},"end":{"line":622,"column":null}},"type":"binary-expr","locations":[{"start":{"line":622,"column":14},"end":{"line":622,"column":41}},{"start":{"line":622,"column":41},"end":{"line":622,"column":61}},{"start":{"line":622,"column":61},"end":{"line":622,"column":null}}]},"56":{"loc":{"start":{"line":623,"column":1},"end":{"line":623,"column":null}},"type":"if","locations":[{"start":{"line":623,"column":1},"end":{"line":623,"column":null}},{"start":{},"end":{}}]},"57":{"loc":{"start":{"line":625,"column":1},"end":{"line":625,"column":null}},"type":"if","locations":[{"start":{"line":625,"column":1},"end":{"line":625,"column":null}},{"start":{},"end":{}}]},"58":{"loc":{"start":{"line":626,"column":8},"end":{"line":626,"column":null}},"type":"binary-expr","locations":[{"start":{"line":626,"column":8},"end":{"line":626,"column":37}},{"start":{"line":626,"column":37},"end":{"line":626,"column":59}},{"start":{"line":626,"column":59},"end":{"line":626,"column":null}}]},"59":{"loc":{"start":{"line":639,"column":2},"end":{"line":641,"column":null}},"type":"if","locations":[{"start":{"line":639,"column":2},"end":{"line":641,"column":null}},{"start":{},"end":{}}]},"60":{"loc":{"start":{"line":639,"column":6},"end":{"line":639,"column":71}},"type":"binary-expr","locations":[{"start":{"line":639,"column":6},"end":{"line":639,"column":46}},{"start":{"line":639,"column":46},"end":{"line":639,"column":71}}]},"61":{"loc":{"start":{"line":649,"column":2},"end":{"line":658,"column":null}},"type":"if","locations":[{"start":{"line":649,"column":2},"end":{"line":658,"column":null}},{"start":{},"end":{}}]},"62":{"loc":{"start":{"line":684,"column":3},"end":{"line":687,"column":null}},"type":"if","locations":[{"start":{"line":684,"column":3},"end":{"line":687,"column":null}},{"start":{},"end":{}}]},"63":{"loc":{"start":{"line":706,"column":1},"end":{"line":706,"column":null}},"type":"if","locations":[{"start":{"line":706,"column":1},"end":{"line":706,"column":null}},{"start":{},"end":{}}]},"64":{"loc":{"start":{"line":708,"column":1},"end":{"line":715,"column":null}},"type":"if","locations":[{"start":{"line":708,"column":1},"end":{"line":715,"column":null}},{"start":{},"end":{}}]},"65":{"loc":{"start":{"line":724,"column":8},"end":{"line":724,"column":null}},"type":"binary-expr","locations":[{"start":{"line":724,"column":8},"end":{"line":724,"column":53}},{"start":{"line":724,"column":53},"end":{"line":724,"column":null}}]},"66":{"loc":{"start":{"line":744,"column":2},"end":{"line":746,"column":null}},"type":"if","locations":[{"start":{"line":744,"column":2},"end":{"line":746,"column":null}},{"start":{},"end":{}}]},"67":{"loc":{"start":{"line":744,"column":6},"end":{"line":744,"column":52}},"type":"binary-expr","locations":[{"start":{"line":744,"column":6},"end":{"line":744,"column":29}},{"start":{"line":744,"column":29},"end":{"line":744,"column":52}}]},"68":{"loc":{"start":{"line":748,"column":2},"end":{"line":779,"column":null}},"type":"if","locations":[{"start":{"line":748,"column":2},"end":{"line":779,"column":null}},{"start":{"line":777,"column":2},"end":{"line":779,"column":null}}]},"69":{"loc":{"start":{"line":750,"column":3},"end":{"line":776,"column":null}},"type":"if","locations":[{"start":{"line":750,"column":3},"end":{"line":776,"column":null}},{"start":{"line":764,"column":10},"end":{"line":776,"column":null}}]},"70":{"loc":{"start":{"line":755,"column":34},"end":{"line":757,"column":null}},"type":"cond-expr","locations":[{"start":{"line":756,"column":7},"end":{"line":756,"column":null}},{"start":{"line":757,"column":7},"end":{"line":757,"column":null}}]},"71":{"loc":{"start":{"line":758,"column":4},"end":{"line":763,"column":null}},"type":"if","locations":[{"start":{"line":758,"column":4},"end":{"line":763,"column":null}},{"start":{},"end":{}}]},"72":{"loc":{"start":{"line":760,"column":5},"end":{"line":762,"column":null}},"type":"if","locations":[{"start":{"line":760,"column":5},"end":{"line":762,"column":null}},{"start":{},"end":{}}]},"73":{"loc":{"start":{"line":768,"column":4},"end":{"line":772,"column":null}},"type":"if","locations":[{"start":{"line":768,"column":4},"end":{"line":772,"column":null}},{"start":{"line":770,"column":4},"end":{"line":772,"column":null}}]},"74":{"loc":{"start":{"line":770,"column":4},"end":{"line":772,"column":null}},"type":"if","locations":[{"start":{"line":770,"column":4},"end":{"line":772,"column":null}},{"start":{},"end":{}}]},"75":{"loc":{"start":{"line":773,"column":4},"end":{"line":775,"column":null}},"type":"if","locations":[{"start":{"line":773,"column":4},"end":{"line":775,"column":null}},{"start":{},"end":{}}]},"76":{"loc":{"start":{"line":777,"column":2},"end":{"line":779,"column":null}},"type":"if","locations":[{"start":{"line":777,"column":2},"end":{"line":779,"column":null}},{"start":{},"end":{}}]},"77":{"loc":{"start":{"line":780,"column":10},"end":{"line":780,"column":null}},"type":"cond-expr","locations":[{"start":{"line":780,"column":29},"end":{"line":780,"column":45}},{"start":{"line":780,"column":45},"end":{"line":780,"column":null}}]},"78":{"loc":{"start":{"line":790,"column":1},"end":{"line":790,"column":null}},"type":"if","locations":[{"start":{"line":790,"column":1},"end":{"line":790,"column":null}},{"start":{},"end":{}}]},"79":{"loc":{"start":{"line":795,"column":1},"end":{"line":797,"column":null}},"type":"if","locations":[{"start":{"line":795,"column":1},"end":{"line":797,"column":null}},{"start":{},"end":{}}]},"80":{"loc":{"start":{"line":795,"column":5},"end":{"line":795,"column":55}},"type":"binary-expr","locations":[{"start":{"line":795,"column":5},"end":{"line":795,"column":28}},{"start":{"line":795,"column":28},"end":{"line":795,"column":55}}]},"81":{"loc":{"start":{"line":807,"column":24},"end":{"line":807,"column":null}},"type":"binary-expr","locations":[{"start":{"line":807,"column":24},"end":{"line":807,"column":38}},{"start":{"line":807,"column":38},"end":{"line":807,"column":null}}]},"82":{"loc":{"start":{"line":808,"column":24},"end":{"line":808,"column":null}},"type":"binary-expr","locations":[{"start":{"line":808,"column":24},"end":{"line":808,"column":38}},{"start":{"line":808,"column":38},"end":{"line":808,"column":null}}]},"83":{"loc":{"start":{"line":812,"column":1},"end":{"line":880,"column":null}},"type":"if","locations":[{"start":{"line":812,"column":1},"end":{"line":880,"column":null}},{"start":{"line":828,"column":1},"end":{"line":880,"column":null}}]},"84":{"loc":{"start":{"line":812,"column":5},"end":{"line":812,"column":39}},"type":"binary-expr","locations":[{"start":{"line":812,"column":5},"end":{"line":812,"column":23}},{"start":{"line":812,"column":23},"end":{"line":812,"column":39}}]},"85":{"loc":{"start":{"line":815,"column":31},"end":{"line":815,"column":null}},"type":"binary-expr","locations":[{"start":{"line":815,"column":31},"end":{"line":815,"column":59}},{"start":{"line":815,"column":59},"end":{"line":815,"column":null}}]},"86":{"loc":{"start":{"line":818,"column":31},"end":{"line":818,"column":null}},"type":"binary-expr","locations":[{"start":{"line":818,"column":31},"end":{"line":818,"column":59}},{"start":{"line":818,"column":59},"end":{"line":818,"column":null}}]},"87":{"loc":{"start":{"line":820,"column":2},"end":{"line":827,"column":null}},"type":"if","locations":[{"start":{"line":820,"column":2},"end":{"line":827,"column":null}},{"start":{},"end":{}}]},"88":{"loc":{"start":{"line":820,"column":6},"end":{"line":820,"column":70}},"type":"binary-expr","locations":[{"start":{"line":820,"column":6},"end":{"line":820,"column":39}},{"start":{"line":820,"column":39},"end":{"line":820,"column":70}}]},"89":{"loc":{"start":{"line":828,"column":1},"end":{"line":880,"column":null}},"type":"if","locations":[{"start":{"line":828,"column":1},"end":{"line":880,"column":null}},{"start":{"line":838,"column":1},"end":{"line":880,"column":null}}]},"90":{"loc":{"start":{"line":828,"column":12},"end":{"line":828,"column":47}},"type":"binary-expr","locations":[{"start":{"line":828,"column":12},"end":{"line":828,"column":30}},{"start":{"line":828,"column":30},"end":{"line":828,"column":47}}]},"91":{"loc":{"start":{"line":835,"column":2},"end":{"line":837,"column":null}},"type":"if","locations":[{"start":{"line":835,"column":2},"end":{"line":837,"column":null}},{"start":{},"end":{}}]},"92":{"loc":{"start":{"line":838,"column":1},"end":{"line":880,"column":null}},"type":"if","locations":[{"start":{"line":838,"column":1},"end":{"line":880,"column":null}},{"start":{"line":851,"column":1},"end":{"line":880,"column":null}}]},"93":{"loc":{"start":{"line":838,"column":12},"end":{"line":838,"column":47}},"type":"binary-expr","locations":[{"start":{"line":838,"column":12},"end":{"line":838,"column":31}},{"start":{"line":838,"column":31},"end":{"line":838,"column":47}}]},"94":{"loc":{"start":{"line":846,"column":31},"end":{"line":846,"column":null}},"type":"binary-expr","locations":[{"start":{"line":846,"column":31},"end":{"line":846,"column":59}},{"start":{"line":846,"column":59},"end":{"line":846,"column":null}}]},"95":{"loc":{"start":{"line":848,"column":2},"end":{"line":850,"column":null}},"type":"if","locations":[{"start":{"line":848,"column":2},"end":{"line":850,"column":null}},{"start":{},"end":{}}]},"96":{"loc":{"start":{"line":851,"column":1},"end":{"line":880,"column":null}},"type":"if","locations":[{"start":{"line":851,"column":1},"end":{"line":880,"column":null}},{"start":{},"end":{}}]},"97":{"loc":{"start":{"line":864,"column":3},"end":{"line":875,"column":null}},"type":"if","locations":[{"start":{"line":864,"column":3},"end":{"line":875,"column":null}},{"start":{"line":873,"column":10},"end":{"line":875,"column":null}}]},"98":{"loc":{"start":{"line":871,"column":5},"end":{"line":871,"column":null}},"type":"cond-expr","locations":[{"start":{"line":871,"column":27},"end":{"line":871,"column":39}},{"start":{"line":871,"column":39},"end":{"line":871,"column":null}}]},"99":{"loc":{"start":{"line":886,"column":1},"end":{"line":888,"column":null}},"type":"if","locations":[{"start":{"line":886,"column":1},"end":{"line":888,"column":null}},{"start":{},"end":{}}]},"100":{"loc":{"start":{"line":886,"column":5},"end":{"line":886,"column":42}},"type":"binary-expr","locations":[{"start":{"line":886,"column":5},"end":{"line":886,"column":15}},{"start":{"line":886,"column":15},"end":{"line":886,"column":42}}]},"101":{"loc":{"start":{"line":897,"column":2},"end":{"line":897,"column":null}},"type":"binary-expr","locations":[{"start":{"line":897,"column":2},"end":{"line":897,"column":40}},{"start":{"line":897,"column":40},"end":{"line":897,"column":null}}]},"102":{"loc":{"start":{"line":900,"column":1},"end":{"line":907,"column":null}},"type":"if","locations":[{"start":{"line":900,"column":1},"end":{"line":907,"column":null}},{"start":{},"end":{}}]},"103":{"loc":{"start":{"line":903,"column":32},"end":{"line":903,"column":null}},"type":"binary-expr","locations":[{"start":{"line":903,"column":32},"end":{"line":903,"column":65}},{"start":{"line":903,"column":65},"end":{"line":903,"column":null}}]},"104":{"loc":{"start":{"line":906,"column":10},"end":{"line":906,"column":null}},"type":"binary-expr","locations":[{"start":{"line":906,"column":10},"end":{"line":906,"column":42}},{"start":{"line":906,"column":42},"end":{"line":906,"column":null}}]},"105":{"loc":{"start":{"line":912,"column":2},"end":{"line":915,"column":null}},"type":"if","locations":[{"start":{"line":912,"column":2},"end":{"line":915,"column":null}},{"start":{},"end":{}}]},"106":{"loc":{"start":{"line":947,"column":20},"end":{"line":947,"column":null}},"type":"cond-expr","locations":[{"start":{"line":947,"column":40},"end":{"line":947,"column":55}},{"start":{"line":947,"column":55},"end":{"line":947,"column":null}}]},"107":{"loc":{"start":{"line":953,"column":2},"end":{"line":956,"column":null}},"type":"if","locations":[{"start":{"line":953,"column":2},"end":{"line":956,"column":null}},{"start":{},"end":{}}]},"108":{"loc":{"start":{"line":961,"column":3},"end":{"line":990,"column":null}},"type":"if","locations":[{"start":{"line":961,"column":3},"end":{"line":990,"column":null}},{"start":{"line":963,"column":3},"end":{"line":990,"column":null}}]},"109":{"loc":{"start":{"line":963,"column":3},"end":{"line":990,"column":null}},"type":"if","locations":[{"start":{"line":963,"column":3},"end":{"line":990,"column":null}},{"start":{"line":988,"column":10},"end":{"line":990,"column":null}}]},"110":{"loc":{"start":{"line":965,"column":5},"end":{"line":969,"column":null}},"type":"binary-expr","locations":[{"start":{"line":965,"column":5},"end":{"line":965,"column":null}},{"start":{"line":966,"column":5},"end":{"line":966,"column":null}},{"start":{"line":967,"column":5},"end":{"line":967,"column":null}},{"start":{"line":969,"column":5},"end":{"line":969,"column":null}}]},"111":{"loc":{"start":{"line":971,"column":5},"end":{"line":974,"column":null}},"type":"binary-expr","locations":[{"start":{"line":971,"column":5},"end":{"line":971,"column":null}},{"start":{"line":972,"column":5},"end":{"line":972,"column":null}},{"start":{"line":974,"column":5},"end":{"line":974,"column":null}}]},"112":{"loc":{"start":{"line":976,"column":4},"end":{"line":987,"column":null}},"type":"if","locations":[{"start":{"line":976,"column":4},"end":{"line":987,"column":null}},{"start":{"line":978,"column":4},"end":{"line":987,"column":null}}]},"113":{"loc":{"start":{"line":976,"column":8},"end":{"line":976,"column":34}},"type":"binary-expr","locations":[{"start":{"line":976,"column":8},"end":{"line":976,"column":23}},{"start":{"line":976,"column":23},"end":{"line":976,"column":34}}]},"114":{"loc":{"start":{"line":978,"column":4},"end":{"line":987,"column":null}},"type":"if","locations":[{"start":{"line":978,"column":4},"end":{"line":987,"column":null}},{"start":{"line":985,"column":4},"end":{"line":987,"column":null}}]},"115":{"loc":{"start":{"line":978,"column":15},"end":{"line":978,"column":40}},"type":"binary-expr","locations":[{"start":{"line":978,"column":15},"end":{"line":978,"column":29}},{"start":{"line":978,"column":29},"end":{"line":978,"column":40}}]},"116":{"loc":{"start":{"line":985,"column":4},"end":{"line":987,"column":null}},"type":"if","locations":[{"start":{"line":985,"column":4},"end":{"line":987,"column":null}},{"start":{},"end":{}}]},"117":{"loc":{"start":{"line":985,"column":15},"end":{"line":985,"column":41}},"type":"binary-expr","locations":[{"start":{"line":985,"column":15},"end":{"line":985,"column":29}},{"start":{"line":985,"column":29},"end":{"line":985,"column":41}}]},"118":{"loc":{"start":{"line":1028,"column":3},"end":{"line":1028,"column":null}},"type":"binary-expr","locations":[{"start":{"line":1028,"column":3},"end":{"line":1028,"column":19}},{"start":{"line":1028,"column":19},"end":{"line":1028,"column":null}}]},"119":{"loc":{"start":{"line":1031,"column":2},"end":{"line":1042,"column":null}},"type":"if","locations":[{"start":{"line":1031,"column":2},"end":{"line":1042,"column":null}},{"start":{},"end":{}}]},"120":{"loc":{"start":{"line":1038,"column":4},"end":{"line":1039,"column":null}},"type":"if","locations":[{"start":{"line":1038,"column":4},"end":{"line":1039,"column":null}},{"start":{},"end":{}}]},"121":{"loc":{"start":{"line":1045,"column":2},"end":{"line":1051,"column":null}},"type":"if","locations":[{"start":{"line":1045,"column":2},"end":{"line":1051,"column":null}},{"start":{},"end":{}}]},"122":{"loc":{"start":{"line":1047,"column":4},"end":{"line":1048,"column":null}},"type":"if","locations":[{"start":{"line":1047,"column":4},"end":{"line":1048,"column":null}},{"start":{},"end":{}}]},"123":{"loc":{"start":{"line":1054,"column":2},"end":{"line":1060,"column":null}},"type":"if","locations":[{"start":{"line":1054,"column":2},"end":{"line":1060,"column":null}},{"start":{},"end":{}}]},"124":{"loc":{"start":{"line":1056,"column":4},"end":{"line":1057,"column":null}},"type":"if","locations":[{"start":{"line":1056,"column":4},"end":{"line":1057,"column":null}},{"start":{},"end":{}}]},"125":{"loc":{"start":{"line":1077,"column":4},"end":{"line":1079,"column":null}},"type":"if","locations":[{"start":{"line":1077,"column":4},"end":{"line":1079,"column":null}},{"start":{},"end":{}}]},"126":{"loc":{"start":{"line":1081,"column":4},"end":{"line":1083,"column":null}},"type":"if","locations":[{"start":{"line":1081,"column":4},"end":{"line":1083,"column":null}},{"start":{},"end":{}}]},"127":{"loc":{"start":{"line":1087,"column":2},"end":{"line":1093,"column":null}},"type":"if","locations":[{"start":{"line":1087,"column":2},"end":{"line":1093,"column":null}},{"start":{},"end":{}}]},"128":{"loc":{"start":{"line":1096,"column":2},"end":{"line":1100,"column":null}},"type":"if","locations":[{"start":{"line":1096,"column":2},"end":{"line":1100,"column":null}},{"start":{},"end":{}}]},"129":{"loc":{"start":{"line":1103,"column":2},"end":{"line":1107,"column":null}},"type":"if","locations":[{"start":{"line":1103,"column":2},"end":{"line":1107,"column":null}},{"start":{},"end":{}}]},"130":{"loc":{"start":{"line":1110,"column":2},"end":{"line":1114,"column":null}},"type":"if","locations":[{"start":{"line":1110,"column":2},"end":{"line":1114,"column":null}},{"start":{},"end":{}}]}},"s":{"0":1,"1":1,"2":1,"3":1,"4":1,"5":1,"6":1,"7":1,"8":1,"9":1,"10":1,"11":1,"12":1,"13":1,"14":1,"15":1,"16":1,"17":1,"18":1,"19":1,"20":1,"21":1,"22":1,"23":1,"24":1,"25":1,"26":1,"27":1,"28":1,"29":1,"30":1,"31":1,"32":1,"33":1,"34":1,"35":0,"36":1,"37":2,"38":1,"39":16,"40":1,"41":1515,"42":1,"43":2,"44":2,"45":2,"46":2,"47":0,"48":2,"49":0,"50":2,"51":2,"52":2,"53":3,"54":1,"55":2,"56":2,"57":1,"58":1,"59":3,"60":3,"61":3,"62":3,"63":7,"64":1,"65":6,"66":6,"67":2,"68":1,"69":1,"70":1,"71":1,"72":1,"73":1,"74":0,"75":1,"76":1,"77":0,"78":0,"79":1,"80":1,"81":3,"82":3,"83":3,"84":3,"85":3,"86":4,"87":4,"88":4,"89":1,"90":2,"91":1,"92":8260,"93":8260,"94":8260,"95":8260,"96":1996,"97":6264,"98":5358,"99":906,"100":1,"101":4,"102":1,"103":2,"104":2,"105":2,"106":4,"107":4,"108":0,"109":4,"110":2,"111":4,"112":2,"113":4,"114":0,"115":2,"116":1,"117":1,"118":1,"119":1,"120":2,"121":2,"122":1,"123":1,"124":1,"125":2,"126":1,"127":1,"128":8256,"129":0,"130":0,"131":240,"132":8016,"133":8016,"134":8016,"135":0,"136":8016,"137":1,"138":3,"139":3,"140":1,"141":3,"142":1,"143":1,"144":1,"145":2,"146":2,"147":3,"148":2,"149":1,"150":1,"151":3,"152":1,"153":1,"154":1,"155":9,"156":0,"157":9,"158":3,"159":6,"160":6,"161":4,"162":4,"163":3,"164":1,"165":3,"166":1,"167":1,"168":1,"169":1,"170":1,"171":1,"172":1,"173":1,"174":1,"175":0,"176":1,"177":722,"178":722,"179":360,"180":362,"181":360,"182":2,"183":1,"184":359,"185":359,"186":0,"187":359,"188":359,"189":2,"190":357,"191":357,"192":1,"193":356,"194":1,"195":0,"196":1,"197":3,"198":3,"199":2,"200":1,"201":1,"202":0,"203":0,"204":0,"205":0,"206":0,"207":1,"208":1,"209":1,"210":1,"211":1,"212":1,"213":1,"214":1,"215":1,"216":1,"217":1,"218":1,"219":1,"220":1,"221":1,"222":81,"223":81,"224":81,"225":81,"226":0,"227":81,"228":1,"229":1,"230":1,"231":1,"232":4116,"233":4116,"234":6918,"235":6918,"236":6918,"237":6918,"238":0,"239":0,"240":0,"241":0,"242":0,"243":0,"244":0,"245":0,"246":0,"247":0,"248":0,"249":0,"250":0,"251":0,"252":0,"253":0,"254":6918,"255":3427,"256":6918,"257":1,"258":1338,"259":0,"260":1338,"261":1338,"262":1338,"263":720,"264":1338,"265":1338,"266":1338,"267":0,"268":0,"269":0,"270":0,"271":1338,"272":0,"273":0,"274":0,"275":1338,"276":0,"277":0,"278":0,"279":0,"280":1338,"281":1143,"282":1143,"283":1787,"284":1128,"285":1128,"286":659,"287":1787,"288":1,"289":0,"290":0,"291":0,"292":1,"293":0,"294":0,"295":0,"296":0,"297":0,"298":0,"299":0,"300":0,"301":0,"302":0,"303":0,"304":1,"305":1,"306":1,"307":5,"308":240,"309":240,"310":7638,"311":240,"312":240,"313":30,"314":30,"315":240,"316":240,"317":240,"318":0,"319":240,"320":210,"321":210,"322":210,"323":0,"324":210,"325":210,"326":0,"327":0,"328":30,"329":240,"330":1,"331":38,"332":38,"333":38,"334":38,"335":38,"336":38,"337":34,"338":1009,"339":1009,"340":1009,"341":38,"342":38,"343":1,"344":1163,"345":1163,"346":1163,"347":38,"348":38,"349":1,"350":31,"351":31,"352":31,"353":1,"354":3,"355":3,"356":3,"357":3,"358":3,"359":3,"360":3,"361":3,"362":3,"363":1,"364":3,"365":3,"366":1,"367":3,"368":1,"369":1,"370":1,"371":1,"372":1,"373":2,"374":2,"375":2,"376":115,"377":115,"378":2,"379":2,"380":0,"381":0,"382":0,"383":2,"384":2,"385":0,"386":0,"387":0,"388":3,"389":1,"390":372,"391":372,"392":1,"393":1},"f":{"0":0,"1":2,"2":16,"3":1515,"4":2,"5":2,"6":3,"7":3,"8":1,"9":1,"10":3,"11":3,"12":8260,"13":4,"14":2,"15":1,"16":8256,"17":3,"18":1,"19":2,"20":9,"21":1,"22":0,"23":722,"24":359,"25":0,"26":3,"27":3,"28":0,"29":0,"30":0,"31":1258,"32":1,"33":1,"34":1,"35":81,"36":1,"37":4116,"38":1338,"39":0,"40":0,"41":5,"42":240,"43":7638,"44":240,"45":38,"46":38,"47":1009,"48":1163,"49":31,"50":3,"51":3,"52":3,"53":115,"54":115,"55":0,"56":0,"57":0,"58":0,"59":372},"b":{"0":[0,0,0,0],"1":[2,2,2,1,1,1,1,1],"2":[16,9,9,9],"3":[1515,1160,1160,1160,1160],"4":[0,2],"5":[2,2],"6":[0,2],"7":[2,2,2,2],"8":[4,3,3,1,0,0],"9":[1,2],"10":[9,2],"11":[1,6],"12":[1,0],"13":[0,1],"14":[1,0],"15":[1,0],"16":[3,0],"17":[1,3],"18":[8260,7129],"19":[8260,0,0],"20":[3,1996,1996,1996,1996,1996,6264],"21":[5358,906],"22":[906,419,419],"23":[4,1],"24":[0,4],"25":[2,2],"26":[4,2,2],"27":[2,2],"28":[0,4],"29":[0,0,0,0,0,240,8016],"30":[551,7465],"31":[8016,551],"32":[551,7465],"33":[0,0,0,8016],"34":[3],"35":[1,2],"36":[2,1],"37":[1,0],"38":[1],"39":[0,9],"40":[3,6],"41":[2,4],"42":[3,1],"43":[1,0],"44":[1,0],"45":[1,0],"46":[2,2],"47":[1,0],"48":[360,362],"49":[360,2],"50":[362,360],"51":[360,4],"52":[0,359],"53":[359,357],"54":[357,357],"55":[359,358,357],"56":[2,357],"57":[1,356],"58":[356,30,0],"59":[2,1],"60":[3,3],"61":[0,0],"62":[1,0],"63":[81,0],"64":[0,81],"65":[1,0],"66":[6918,0],"67":[6918,6918],"68":[0,6918],"69":[0,0],"70":[0,0],"71":[0,0],"72":[0,0],"73":[0,0],"74":[0,0],"75":[0,0],"76":[3427,3491],"77":[6259,659],"78":[0,1338],"79":[720,618],"80":[1338,1338],"81":[1338,0],"82":[1338,0],"83":[0,1338],"84":[1338,0],"85":[0,0],"86":[0,0],"87":[0,0],"88":[0,0],"89":[0,1338],"90":[1338,0],"91":[0,0],"92":[0,1338],"93":[1338,1338],"94":[0,0],"95":[0,0],"96":[1143,195],"97":[1128,659],"98":[1128,0],"99":[0,0],"100":[0,0],"101":[0,0],"102":[0,0],"103":[0,0],"104":[0,0],"105":[0,0],"106":[240,0],"107":[30,210],"108":[0,240],"109":[210,30],"110":[210,210,210,210],"111":[210,210,210],"112":[0,210],"113":[210,0],"114":[210,0],"115":[210,210],"116":[0,0],"117":[0,0],"118":[38,38],"119":[34,4],"120":[1009,0],"121":[1,37],"122":[1163,0],"123":[1,37],"124":[31,0],"125":[1,2],"126":[1,2],"127":[1,2],"128":[2,0],"129":[0,2],"130":[0,2]}}
,"/Users/aidenybai/Projects/aidenybai/react-safe-fiber/src/index.ts": {"path":"/Users/aidenybai/Projects/aidenybai/react-safe-fiber/src/index.ts","statementMap":{"0":{"start":{"line":4,"column":0},"end":{"line":14,"column":null}},"1":{"start":{"line":13,"column":1},"end":{"line":13,"column":null}}},"fnMap":{},"branchMap":{"0":{"loc":{"start":{"line":4,"column":0},"end":{"line":14,"column":null}},"type":"if","locations":[{"start":{"line":4,"column":0},"end":{"line":14,"column":null}},{"start":{},"end":{}}]},"1":{"loc":{"start":{"line":5,"column":1},"end":{"line":11,"column":null}},"type":"binary-expr","locations":[{"start":{"line":5,"column":1},"end":{"line":5,"column":null}},{"start":{"line":7,"column":2},"end":{"line":7,"column":null}},{"start":{"line":8,"column":2},"end":{"line":8,"column":null}},{"start":{"line":9,"column":1},"end":{"line":9,"column":null}},{"start":{"line":10,"column":1},"end":{"line":10,"column":null}},{"start":{"line":11,"column":1},"end":{"line":11,"column":null}}]}},"s":{"0":1,"1":1},"f":{},"b":{"0":[1,0],"1":[1,1,0,1,1,1]}}
}
